0 info it worked if it ends with ok
1 verbose cli [ '/usr/local/bin/node',
1 verbose cli   '/usr/local/bin/npm',
1 verbose cli   'install',
1 verbose cli   'php',
1 verbose cli   '^7.0' ]
2 info using npm@2.15.5
3 info using node@v4.4.5
4 verbose install initial load of /Users/calsupik/Documents/Repos/nexmove/package.json
5 verbose readDependencies loading dependencies from /Users/calsupik/Documents/Repos/nexmove/package.json
6 silly cache add args [ 'php', null ]
7 verbose cache add spec php
8 silly cache add args [ '^7.0', null ]
9 verbose cache add spec ^7.0
10 silly cache add parsed spec Result {
10 silly cache add   raw: 'php',
10 silly cache add   scope: null,
10 silly cache add   name: 'php',
10 silly cache add   rawSpec: '',
10 silly cache add   spec: 'latest',
10 silly cache add   type: 'tag' }
11 silly addNamed php@latest
12 verbose addNamed "latest" is being treated as a dist-tag for php
13 info addNameTag [ 'php', 'latest' ]
14 silly mapToRegistry name php
15 silly mapToRegistry using default registry
16 silly mapToRegistry registry https://registry.npmjs.org/
17 silly mapToRegistry data Result {
17 silly mapToRegistry   raw: 'php',
17 silly mapToRegistry   scope: null,
17 silly mapToRegistry   name: 'php',
17 silly mapToRegistry   rawSpec: '',
17 silly mapToRegistry   spec: 'latest',
17 silly mapToRegistry   type: 'tag' }
18 silly mapToRegistry uri https://registry.npmjs.org/php
19 verbose addNameTag registry:https://registry.npmjs.org/php not in flight; fetching
20 silly cache add parsed spec Result {
20 silly cache add   raw: '^7.0',
20 silly cache add   scope: null,
20 silly cache add   name: null,
20 silly cache add   rawSpec: '^7.0',
20 silly cache add   spec: '/Users/calsupik/Documents/Repos/nexmove/^7.0',
20 silly cache add   type: 'local' }
21 error addLocal Could not install /Users/calsupik/Documents/Repos/nexmove/^7.0
22 verbose request uri https://registry.npmjs.org/php
23 verbose request no auth needed
24 info attempt registry request try #1 at 11:18:41 PM
25 verbose request id 0d692711abc2a31e
26 verbose etag W/"59342f3b-511"
27 verbose lastModified Sun, 04 Jun 2017 16:03:07 GMT
28 http request GET https://registry.npmjs.org/php
29 http 304 https://registry.npmjs.org/php
30 verbose headers { date: 'Fri, 14 Jul 2017 03:18:42 GMT',
30 verbose headers   via: '1.1 varnish',
30 verbose headers   'cache-control': 'max-age=300',
30 verbose headers   etag: 'W/"59342f3b-511"',
30 verbose headers   age: '0',
30 verbose headers   connection: 'keep-alive',
30 verbose headers   'x-served-by': 'cache-atl6227-ATL',
30 verbose headers   'x-cache': 'MISS',
30 verbose headers   'x-cache-hits': '0',
30 verbose headers   'x-timer': 'S1500002322.240362,VS0,VE242',
30 verbose headers   vary: 'Accept-Encoding, Accept' }
31 silly get cb [ 304,
31 silly get   { date: 'Fri, 14 Jul 2017 03:18:42 GMT',
31 silly get     via: '1.1 varnish',
31 silly get     'cache-control': 'max-age=300',
31 silly get     etag: 'W/"59342f3b-511"',
31 silly get     age: '0',
31 silly get     connection: 'keep-alive',
31 silly get     'x-served-by': 'cache-atl6227-ATL',
31 silly get     'x-cache': 'MISS',
31 silly get     'x-cache-hits': '0',
31 silly get     'x-timer': 'S1500002322.240362,VS0,VE242',
31 silly get     vary: 'Accept-Encoding, Accept' } ]
32 verbose etag https://registry.npmjs.org/php from cache
33 verbose get saving php to /Users/calsupik/.npm/registry.npmjs.org/php/.cache.json
34 verbose correctMkdir /Users/calsupik/.npm correctMkdir not in flight; initializing
35 silly addNameTag next cb for php with tag latest
36 silly addNamed php@0.0.1
37 verbose addNamed "0.0.1" is a plain semver version for php
38 silly cache afterAdd php@0.0.1
39 verbose afterAdd /Users/calsupik/.npm/php/0.0.1/package/package.json not in flight; writing
40 verbose correctMkdir /Users/calsupik/.npm correctMkdir not in flight; initializing
41 verbose afterAdd /Users/calsupik/.npm/php/0.0.1/package/package.json written
42 verbose stack Error: ENOENT: no such file or directory, open '/Users/calsupik/Documents/Repos/nexmove/^7.0'
42 verbose stack     at Error (native)
43 verbose cwd /Users/calsupik/Documents/Repos/nexmove
44 error Darwin 16.6.0
45 error argv "/usr/local/bin/node" "/usr/local/bin/npm" "install" "php" "^7.0"
46 error node v4.4.5
47 error npm  v2.15.5
48 error path /Users/calsupik/Documents/Repos/nexmove/^7.0
49 error code ENOENT
50 error errno -2
51 error syscall open
52 error enoent ENOENT: no such file or directory, open '/Users/calsupik/Documents/Repos/nexmove/^7.0'
52 error enoent This is most likely not a problem with npm itself
52 error enoent and is related to npm not being able to find a file.
53 verbose exit [ -2, true ]
